<?xml version="1.0" encoding="UTF-8"?>
<!-- Generated by org.testng.reporters.JUnitReportReporter -->
<testsuite hostname="Win10-2-224" failures="0" tests="8" name="restassuredtestcases.Assignment8" time="19.928" errors="0" timestamp="2022-01-21T17:58:00 IST" skipped="0">
  <testcase classname="restassuredtestcases.Assignment8" name="testPostloginUnSuccessful" time="1.002"/>
  <system-out/>
  <testcase classname="restassuredtestcases.Assignment8" name="getValidateSingleResourceUserNotFound" time="1.010"/>
  <system-out/>
  <testcase classname="restassuredtestcases.Assignment8" name="testPostRequestRegisterSuccesful" time="0.975"/>
  <system-out/>
  <testcase classname="restassuredtestcases.Assignment8" name="getValidateSingleResource" time="1.970"/>
  <system-out/>
  <testcase classname="restassuredtestcases.Assignment8" name="testPostRequestRegisterUnsuccessful" time="0.980"/>
  <system-out/>
  <testcase classname="restassuredtestcases.Assignment8" name="getValidateListResource" time="4.110"/>
  <system-out/>
  <testcase classname="restassuredtestcases.Assignment8" name="testEndToEnd" time="8.903"/>
  <system-out/>
  <testcase classname="restassuredtestcases.Assignment8" name="getValidateUserNotFound" time="0.978"/>
  <system-out/>
</testsuite> <!-- restassuredtestcases.Assignment8 -->
