<?xml version="1.0" encoding="UTF-8"?>
<!-- Generated by org.testng.reporters.JUnitReportReporter -->
<testsuite hostname="Win10-2-224" failures="0" tests="8" name="restassuredtestcases.ExtractValuesFromResponse" time="19.784" errors="0" timestamp="2022-01-21T18:00:12 IST" skipped="0">
  <testcase classname="restassuredtestcases.ExtractValuesFromResponse" name="testPostloginUnSuccessful" time="0.975"/>
  <system-out/>
  <testcase classname="restassuredtestcases.ExtractValuesFromResponse" name="getValidateSingleResourceUserNotFound" time="0.978"/>
  <system-out/>
  <testcase classname="restassuredtestcases.ExtractValuesFromResponse" name="testPostRequestRegisterSuccesful" time="0.951"/>
  <system-out/>
  <testcase classname="restassuredtestcases.ExtractValuesFromResponse" name="getValidateSingleResource" time="1.980"/>
  <system-out/>
  <testcase classname="restassuredtestcases.ExtractValuesFromResponse" name="testPostRequestRegisterUnsuccessful" time="0.976"/>
  <system-out/>
  <testcase classname="restassuredtestcases.ExtractValuesFromResponse" name="getValidateListResource" time="4.014"/>
  <system-out/>
  <testcase classname="restassuredtestcases.ExtractValuesFromResponse" name="testEndToEnd" time="8.950"/>
  <system-out/>
  <testcase classname="restassuredtestcases.ExtractValuesFromResponse" name="getValidateUserNotFound" time="0.960"/>
  <system-out/>
</testsuite> <!-- restassuredtestcases.ExtractValuesFromResponse -->
