<?xml version="1.0" encoding="UTF-8"?>
<!-- Generated by org.testng.reporters.JUnitReportReporter -->
<testsuite hostname="Win10-2-224" failures="0" tests="1" name="restassuredtestcases.PutRequest" time="3.825" errors="0" timestamp="2022-01-20T16:40:42 IST" skipped="0">
  <testcase classname="restassuredtestcases.PutRequest" name="testPostCreateUser" time="3.825"/>
  <system-out/>
</testsuite> <!-- restassuredtestcases.PutRequest -->
