<?xml version="1.0" encoding="UTF-8"?>
<!-- Generated by org.testng.reporters.JUnitReportReporter -->
<testsuite hostname="Win10-2-224" failures="0" tests="2" name="restassuredtestcases.GetRequest" time="4.937" errors="0" timestamp="2022-01-19T17:37:36 IST" skipped="0">
  <testcase classname="restassuredtestcases.GetRequest" name="testGetUserList" time="0.389"/>
  <system-out/>
  <testcase classname="restassuredtestcases.GetRequest" name="testGetSingleUserList" time="4.548"/>
  <system-out/>
</testsuite> <!-- restassuredtestcases.GetRequest -->
