<?xml version="1.0" encoding="UTF-8"?>
<!-- Generated by org.testng.reporters.JUnitReportReporter -->
<testsuite hostname="Win10-2-224" failures="0" tests="1" name="restassuredtestcases.DeleteRequest" time="4.301" errors="0" timestamp="2022-01-20T17:16:17 IST" skipped="0">
  <testcase classname="restassuredtestcases.DeleteRequest" name="testDeleteUser" time="4.301"/>
  <system-out/>
</testsuite> <!-- restassuredtestcases.DeleteRequest -->
