<?xml version="1.0" encoding="UTF-8"?>
<!-- Generated by org.testng.reporters.JUnitReportReporter -->
<testsuite hostname="Win10-2-224" failures="0" tests="5" name="restassuredtestcases.PostRequest" time="7.490" errors="0" timestamp="2022-01-21T11:57:02 IST" skipped="1">
  <testcase classname="restassuredtestcases.PostRequest" name="testPostRegisterUnsuccessful" time="1.095"/>
  <system-out/>
  <testcase classname="restassuredtestcases.PostRequest" name="testPostloginUnSuccessful" time="0.995"/>
  <system-out/>
  <testcase classname="restassuredtestcases.PostRequest" name="testPostRequest" time="1.105"/>
  <system-out/>
  <testcase classname="restassuredtestcases.PostRequest" name="testPostCreateUser" time="4.295"/>
  <system-out/>
  <testcase classname="restassuredtestcases.PostRequest" name="testPostloginSuccessful">
    <skipped/>
  </testcase> <!-- testPostloginSuccessful -->
  <system-out/>
</testsuite> <!-- restassuredtestcases.PostRequest -->
