<?xml version="1.0" encoding="UTF-8"?>
<!-- Generated by org.testng.reporters.JUnitReportReporter -->
<testsuite hostname="Win10-2-224" failures="0" tests="6" name="restassuredtestcases.GetRequestCucumberStyle" time="10.195" errors="0" timestamp="2022-01-21T07:18:09 IST" skipped="0">
  <testcase classname="restassuredtestcases.GetRequestCucumberStyle" name="getValidateUserList" time="2.049"/>
  <system-out/>
  <testcase classname="restassuredtestcases.GetRequestCucumberStyle" name="getValidateSingleResourceUserNotFound" time="0.991"/>
  <system-out/>
  <testcase classname="restassuredtestcases.GetRequestCucumberStyle" name="getValidateListResource" time="0.984"/>
  <system-out/>
  <testcase classname="restassuredtestcases.GetRequestCucumberStyle" name="getValidateUserNotFound" time="0.963"/>
  <system-out/>
  <testcase classname="restassuredtestcases.GetRequestCucumberStyle" name="getValidateSingleResource" time="0.949"/>
  <system-out/>
  <testcase classname="restassuredtestcases.GetRequestCucumberStyle" name="getUserList" time="4.259"/>
  <system-out/>
</testsuite> <!-- restassuredtestcases.GetRequestCucumberStyle -->
